<?xml version="1.0" encoding="UTF-8"?>
<!-- Generated by org.testng.reporters.JUnitReportReporter -->
<testsuite hostname="IRUSU-L2" failures="0" tests="2" name="curs12.TestLogging" time="0.314" errors="0" timestamp="2022-02-08T11:59:17 EET" skipped="0">
  <testcase classname="curs12.TestLogging" name="testProduct" time="0.312"/>
  <system-out/>
  <testcase classname="curs12.TestLogging" name="testlogin" time="0.002"/>
  <system-out/>
</testsuite> <!-- curs12.TestLogging -->
