<?xml version="1.0" encoding="UTF-8"?>
<!-- Generated by org.testng.reporters.JUnitReportReporter -->
<testsuite hostname="IRUSU-L2" failures="0" tests="2" name="curs12.TestCeva" time="0.291" errors="0" timestamp="2022-02-15T10:17:13 EET" skipped="0">
  <testcase classname="curs12.TestCeva" name="loginTest" time="0.286"/>
  <system-out/>
  <testcase classname="curs12.TestCeva" name="altTest" time="0.005"/>
  <system-out/>
</testsuite> <!-- curs12.TestCeva -->
